<?xml version="1.0" encoding="UTF-8"?>
<!-- Generated by org.testng.reporters.JUnitReportReporter -->
<testsuite hostname="DESKTOP-B39B0CL" failures="0" tests="4" name="day36.Class2" time="0.012" errors="0" timestamp="2023-07-16T10:36:13 IST" skipped="0">
  <testcase classname="day36.Class2" name="c3" time="0.008"/>
  <system-out/>
  <testcase classname="day36.Class2" name="e5" time="0.001"/>
  <system-out/>
  <testcase classname="day36.Class2" name="d4" time="0.002"/>
  <system-out/>
  <testcase classname="day36.Class2" name="f6" time="0.001"/>
  <system-out/>
</testsuite> <!-- day36.Class2 -->
