<?xml version="1.0" encoding="UTF-8"?>
<!-- Generated by org.testng.reporters.JUnitReportReporter -->
<testsuite hostname="DESKTOP-B39B0CL" failures="0" tests="3" name="day3.ALLAnnotations" time="0.015" errors="0" timestamp="2023-08-06T11:15:49 IST" skipped="0">
  <testcase classname="day3.ALLAnnotations" name="tm1" time="0.009"/>
  <system-out/>
  <testcase classname="day3.ALLAnnotations" name="tm2" time="0.002"/>
  <system-out/>
  <testcase classname="day3.ALLAnnotations" name="tm3" time="0.004"/>
  <system-out/>
</testsuite> <!-- day3.ALLAnnotations -->
