<?xml version="1.0" encoding="UTF-8"?>
<!-- Generated by org.testng.reporters.JUnitReportReporter -->
<testsuite hostname="DESKTOP-B39B0CL" failures="0" tests="3" name="grouping.Grouping" time="0.012" errors="0" timestamp="2023-08-08T11:51:17 IST" skipped="0">
  <testcase classname="grouping.Grouping" name="loginbyfb" time="0.010"/>
  <system-out/>
  <testcase classname="grouping.Grouping" name="loginbytwitter" time="0.001"/>
  <system-out/>
  <testcase classname="grouping.Grouping" name="paymentindollers" time="0.001"/>
  <system-out/>
</testsuite> <!-- grouping.Grouping -->
