<?xml version="1.0" encoding="UTF-8"?>
<!-- Generated by org.testng.reporters.JUnitReportReporter -->
<testsuite hostname="DESKTOP-B39B0CL" failures="0" tests="3" name="day40.Class2" time="132.179" errors="0" timestamp="2023-07-31T12:48:45 IST" skipped="0">
  <testcase classname="day40.Class2" name="openapp" time="124.644"/>
  <system-out/>
  <testcase classname="day40.Class2" name="login" time="7.290"/>
  <system-out/>
  <testcase classname="day40.Class2" name="close" time="0.245"/>
  <system-out/>
</testsuite> <!-- day40.Class2 -->
