<?xml version="1.0" encoding="UTF-8"?>
<!-- Generated by org.testng.reporters.JUnitReportReporter -->
<testsuite hostname="DESKTOP-B39B0CL" failures="0" tests="6" name="day39.Fb" time="18.993" errors="0" timestamp="2023-07-17T17:19:13 IST" skipped="0">
  <testcase classname="day39.Fb" name="setup" time="1.697"/>
  <system-out/>
  <testcase classname="day39.Fb" name="testlogin" time="2.182"/>
  <system-out/>
  <testcase classname="day39.Fb" name="testlogin" time="2.177"/>
  <system-out/>
  <testcase classname="day39.Fb" name="testlogin" time="5.178"/>
  <system-out/>
  <testcase classname="day39.Fb" name="testlogin" time="2.705"/>
  <system-out/>
  <testcase classname="day39.Fb" name="testlogin" time="5.054"/>
  <system-out/>
</testsuite> <!-- day39.Fb -->
