<?xml version="1.0" encoding="UTF-8"?>
<!-- Generated by org.testng.reporters.JUnitReportReporter -->
<testsuite hostname="DESKTOP-B39B0CL" failures="0" tests="6" name="day37.Test2" time="0.006" errors="0" timestamp="2023-07-16T11:49:53 IST" skipped="0">
  <testcase classname="day37.Test2" name="lmn" time="0.000"/>
  <system-out/>
  <testcase classname="day37.Test2" name="lmn" time="0.001"/>
  <system-out/>
  <testcase classname="day37.Test2" name="opq" time="0.001"/>
  <system-out/>
  <testcase classname="day37.Test2" name="opq" time="0.001"/>
  <system-out/>
  <testcase classname="day37.Test2" name="wxy" time="0.002"/>
  <system-out/>
  <testcase classname="day37.Test2" name="wxy" time="0.001"/>
  <system-out/>
</testsuite> <!-- day37.Test2 -->
