<?xml version="1.0" encoding="UTF-8"?>
<!-- Generated by org.testng.reporters.JUnitReportReporter -->
<testsuite hostname="DESKTOP-B39B0CL" failures="0" tests="2" name="day38.AllAnnotations" time="0.007" errors="0" timestamp="2023-07-16T13:38:05 IST" skipped="0">
  <testcase classname="day38.AllAnnotations" name="A9" time="0.006"/>
  <system-out/>
  <testcase classname="day38.AllAnnotations" name="A10" time="0.001"/>
  <system-out/>
</testsuite> <!-- day38.AllAnnotations -->
