<?xml version="1.0" encoding="UTF-8"?>
<!-- Generated by org.testng.reporters.JUnitReportReporter -->
<testsuite hostname="DESKTOP-B39B0CL" failures="0" tests="4" name="day4.SerialndParallel" time="0.203" errors="0" timestamp="2023-08-08T14:08:36 IST" skipped="0">
  <testcase classname="day4.SerialndParallel" name="title" time="0.016"/>
  <system-out/>
  <testcase classname="day4.SerialndParallel" name="testlogo" time="0.086"/>
  <system-out/>
  <testcase classname="day4.SerialndParallel" name="title" time="0.018"/>
  <system-out/>
  <testcase classname="day4.SerialndParallel" name="testlogo" time="0.083"/>
  <system-out/>
</testsuite> <!-- day4.SerialndParallel -->
