<?xml version="1.0" encoding="UTF-8"?>
<!-- Generated by org.testng.reporters.JUnitReportReporter -->
<testsuite hostname="DESKTOP-B39B0CL" failures="0" tests="8" name="day37.Test3" time="0.008" errors="0" timestamp="2023-07-16T11:49:53 IST" skipped="0">
  <testcase classname="day37.Test3" name="a1bc" time="0.001"/>
  <system-out/>
  <testcase classname="day37.Test3" name="a1bc" time="0.001"/>
  <system-out/>
  <testcase classname="day37.Test3" name="c2de" time="0.001"/>
  <system-out/>
  <testcase classname="day37.Test3" name="c2de" time="0.001"/>
  <system-out/>
  <testcase classname="day37.Test3" name="f3gh" time="0.001"/>
  <system-out/>
  <testcase classname="day37.Test3" name="f3gh" time="0.001"/>
  <system-out/>
  <testcase classname="day37.Test3" name="i4jk" time="0.002"/>
  <system-out/>
  <testcase classname="day37.Test3" name="i4jk" time="0.000"/>
  <system-out/>
</testsuite> <!-- day37.Test3 -->
