<?xml version="1.0" encoding="UTF-8"?>
<!-- Generated by org.testng.reporters.JUnitReportReporter -->
<testsuite hostname="DESKTOP-B39B0CL" failures="0" tests="2" name="day42.Class3" time="0.008" errors="0" timestamp="2023-07-31T18:42:54 IST" skipped="0">
  <testcase classname="day42.Class3" name="tm3" time="0.006"/>
  <system-out/>
  <testcase classname="day42.Class3" name="tm3" time="0.002"/>
  <system-out/>
</testsuite> <!-- day42.Class3 -->
