<?xml version="1.0" encoding="UTF-8"?>
<!-- Generated by org.testng.reporters.JUnitReportReporter -->
<testsuite hostname="DESKTOP-B39B0CL" failures="0" tests="3" name="day36.class1" time="0.020" errors="0" timestamp="2023-07-16T10:28:22 IST" skipped="0">
  <testcase classname="day36.class1" name="m2" time="0.010"/>
  <system-out/>
  <testcase classname="day36.class1" name="m4" time="0.003"/>
  <system-out/>
  <testcase classname="day36.class1" name="m5" time="0.007"/>
  <system-out/>
</testsuite> <!-- day36.class1 -->
