<?xml version="1.0" encoding="UTF-8"?>
<!-- Generated by org.testng.reporters.JUnitReportReporter -->
<testsuite hostname="DESKTOP-B39B0CL" failures="0" tests="2" name="day42.Class1" time="0.004" errors="0" timestamp="2023-07-31T18:42:54 IST" skipped="0">
  <testcase classname="day42.Class1" name="tm" time="0.003"/>
  <system-out/>
  <testcase classname="day42.Class1" name="tm" time="0.001"/>
  <system-out/>
</testsuite> <!-- day42.Class1 -->
