<?xml version="1.0" encoding="UTF-8"?>
<!-- Generated by org.testng.reporters.JUnitReportReporter -->
<testsuite hostname="DESKTOP-B39B0CL" failures="0" tests="3" name="day1.BcAc" time="0.009" errors="0" timestamp="2023-08-04T09:03:34 IST" skipped="0">
  <testcase classname="day1.BcAc" name="tm1" time="0.006"/>
  <system-out/>
  <testcase classname="day1.BcAc" name="tm3" time="0.001"/>
  <system-out/>
  <testcase classname="day1.BcAc" name="tm2" time="0.002"/>
  <system-out/>
</testsuite> <!-- day1.BcAc -->
