<?xml version="1.0" encoding="UTF-8"?>
<!-- Generated by org.testng.reporters.JUnitReportReporter -->
<testsuite hostname="DESKTOP-B39B0CL" failures="0" tests="3" name="day1.Bm" time="0.022" errors="0" timestamp="2023-08-04T08:48:52 IST" skipped="0">
  <testcase classname="day1.Bm" name="tm2" time="0.003"/>
  <system-out/>
  <testcase classname="day1.Bm" name="tm1" time="0.017"/>
  <system-out/>
  <testcase classname="day1.Bm" name="tm3" time="0.002"/>
  <system-out/>
</testsuite> <!-- day1.Bm -->
