<?xml version="1.0" encoding="UTF-8"?>
<!-- Generated by org.testng.reporters.JUnitReportReporter -->
<testsuite hostname="DESKTOP-B39B0CL" failures="0" tests="3" name="day40.Class1" time="0.011" errors="0" timestamp="2023-07-31T12:48:45 IST" skipped="0">
  <testcase classname="day40.Class1" name="openapp" time="0.009"/>
  <system-out/>
  <testcase classname="day40.Class1" name="login" time="0.001"/>
  <system-out/>
  <testcase classname="day40.Class1" name="logout" time="0.001"/>
  <system-out/>
</testsuite> <!-- day40.Class1 -->
