<?xml version="1.0" encoding="UTF-8"?>
<!-- Generated by org.testng.reporters.JUnitReportReporter -->
<testsuite hostname="DESKTOP-B39B0CL" failures="0" tests="3" name="day35.testng" time="0.005" errors="0" timestamp="2023-07-16T08:37:52 IST" skipped="0">
  <testcase classname="day35.testng" name="abc" time="0.002"/>
  <system-out/>
  <testcase classname="day35.testng" name="pqr" time="0.001"/>
  <system-out/>
  <testcase classname="day35.testng" name="xyz" time="0.002"/>
  <system-out/>
</testsuite> <!-- day35.testng -->
