<?xml version="1.0" encoding="UTF-8"?>
<!-- Generated by org.testng.reporters.JUnitReportReporter -->
<testsuite hostname="DESKTOP-B39B0CL" failures="0" tests="6" name="day37.Test1" time="0.011" errors="0" timestamp="2023-07-16T11:49:53 IST" skipped="0">
  <testcase classname="day37.Test1" name="cde" time="0.006"/>
  <system-out/>
  <testcase classname="day37.Test1" name="cde" time="0.001"/>
  <system-out/>
  <testcase classname="day37.Test1" name="fgh" time="0.001"/>
  <system-out/>
  <testcase classname="day37.Test1" name="fgh" time="0.001"/>
  <system-out/>
  <testcase classname="day37.Test1" name="ijk" time="0.001"/>
  <system-out/>
  <testcase classname="day37.Test1" name="ijk" time="0.001"/>
  <system-out/>
</testsuite> <!-- day37.Test1 -->
