<?xml version="1.0" encoding="UTF-8"?>
<!-- Generated by org.testng.reporters.JUnitReportReporter -->
<testsuite hostname="DESKTOP-B39B0CL" failures="0" tests="1" name="day10.LoginTest" time="5.102" errors="0" timestamp="2023-08-15T01:10:32 IST" skipped="0">
  <testcase classname="day10.LoginTest" name="login" time="5.102"/>
  <system-out/>
</testsuite> <!-- day10.LoginTest -->
