<?xml version="1.0" encoding="UTF-8"?>
<!-- Generated by org.testng.reporters.JUnitReportReporter -->
<testsuite hostname="DESKTOP-B39B0CL" failures="0" tests="3" name="day2.Tst" time="0.012" errors="0" timestamp="2023-08-04T09:23:36 IST" skipped="0">
  <testcase classname="day2.Tst" name="t2" time="0.003"/>
  <system-out/>
  <testcase classname="day2.Tst" name="t3" time="0.002"/>
  <system-out/>
  <testcase classname="day2.Tst" name="t1" time="0.007"/>
  <system-out/>
</testsuite> <!-- day2.Tst -->
