<?xml version="1.0" encoding="UTF-8"?>
<!-- Generated by org.testng.reporters.JUnitReportReporter -->
<testsuite hostname="DESKTOP-B39B0CL" failures="0" tests="1" name="day3.Assertion" time="0.014" errors="0" timestamp="2023-08-06T20:55:05 IST" skipped="0">
  <testcase classname="day3.Assertion" name="m1" time="0.014"/>
  <system-out/>
</testsuite> <!-- day3.Assertion -->
