<?xml version="1.0" encoding="UTF-8"?>
<!-- Generated by org.testng.reporters.JUnitReportReporter -->
<testsuite hostname="DESKTOP-B39B0CL" failures="0" tests="6" name="day8.CrossBrowse" time="21.268" errors="0" timestamp="2023-08-09T18:08:15 IST" skipped="0">
  <testcase classname="day8.CrossBrowse" name="setup" time="5.174"/>
  <system-out/>
  <testcase classname="day8.CrossBrowse" name="setup" time="15.939"/>
  <system-out/>
  <testcase classname="day8.CrossBrowse" name="testlogo" time="0.042"/>
  <system-out/>
  <testcase classname="day8.CrossBrowse" name="testlogo" time="0.098"/>
  <system-out/>
  <testcase classname="day8.CrossBrowse" name="title" time="0.006"/>
  <system-out/>
  <testcase classname="day8.CrossBrowse" name="title" time="0.009"/>
  <system-out/>
</testsuite> <!-- day8.CrossBrowse -->
