<?xml version="1.0" encoding="UTF-8"?>
<!-- Generated by org.testng.reporters.JUnitReportReporter -->
<testsuite hostname="DESKTOP-B39B0CL" failures="0" tests="3" name="day35.Login" time="5.470" errors="0" timestamp="2023-07-16T08:37:52 IST" skipped="0">
  <testcase classname="day35.Login" name="openapp" time="4.882"/>
  <system-out/>
  <testcase classname="day35.Login" name="login" time="0.369"/>
  <system-out/>
  <testcase classname="day35.Login" name="klose" time="0.219"/>
  <system-out/>
</testsuite> <!-- day35.Login -->
