<?xml version="1.0" encoding="UTF-8"?>
<!-- Generated by org.testng.reporters.JUnitReportReporter -->
<testsuite hostname="DESKTOP-B39B0CL" failures="0" tests="3" name="day2.Tst2" time="0.006" errors="0" timestamp="2023-08-04T09:23:36 IST" skipped="0">
  <testcase classname="day2.Tst2" name="t6" time="0.004"/>
  <system-out/>
  <testcase classname="day2.Tst2" name="t5" time="0.001"/>
  <system-out/>
  <testcase classname="day2.Tst2" name="t4" time="0.001"/>
  <system-out/>
</testsuite> <!-- day2.Tst2 -->
