<?xml version="1.0" encoding="UTF-8"?>
<!-- Generated by org.testng.reporters.JUnitReportReporter -->
<testsuite hostname="DESKTOP-B39B0CL" failures="0" tests="2" name="day8.Fb" time="7.047" errors="0" timestamp="2023-08-11T17:11:41 IST" skipped="0">
  <testcase classname="day8.Fb" name="testlogin" time="3.861"/>
  <system-out/>
  <testcase classname="day8.Fb" name="search" time="3.186"/>
  <system-out/>
</testsuite> <!-- day8.Fb -->
